#
# A fatal error has been detected by the Java Runtime Environment:
#
#  SIGBUS (0xa) at pc=0x00000001097e2698, pid=3420, tid=0x0000000000002f03
#
# JRE version: Java(TM) SE Runtime Environment (8.0_181-b13) (build 1.8.0_181-b13)
# Java VM: Java HotSpot(TM) 64-Bit Server VM (25.181-b13 mixed mode bsd-amd64 compressed oops)
# Problematic frame:
# V  [libjvm.dylib+0x1e2698]  ConstantPool::impl_name_and_type_ref_index_at(int, bool)+0x4c
#
# Failed to write core dump. Core dumps have been disabled. To enable core dumping, try "ulimit -c unlimited" before starting Java again
#
# If you would like to submit a bug report, please visit:
#   http://bugreport.java.com/bugreport/crash.jsp
#

---------------  T H R E A D  ---------------

Current thread (0x00007f9ffb803800):  VMThread [stack: 0x0000700000cb1000,0x0000700000db1000] [id=12035]

siginfo: si_signo: 10 (SIGBUS), si_code: 2 (BUS_ADRERR), si_addr: 0x000000010fa59848

Registers:
RAX=0x000000010f891858, RBX=0x00000000000000bb, RCX=0x00000000001c7fe0, RDX=0x0000000000000000
RSP=0x0000700000db04b0, RBP=0x0000700000db04b0, RSI=0x000000000000e3ff, RDI=0x000000010f891098
R8 =0x00000000000000bb, R9 =0x000000002a000000, R10=0x0000000000000041, R11=0xffffffffff3e6be8
R12=0x0000700000db06d8, R13=0x000000010f891098, R14=0x0000000000000001, R15=0x0000000000000001
RIP=0x00000001097e2698, EFLAGS=0x0000000000010202, ERR=0x0000000000000004
  TRAPNO=0x000000000000000e

Top of Stack: (sp=0x0000700000db04b0)
0x0000700000db04b0:   0000700000db0510 0000000109888d7e
0x0000700000db04c0:   0000700000db04e0 0000000109bad15c
0x0000700000db04d0:   0000700000db0528 0000700000db06d8
0x0000700000db04e0:   0000700000db0510 00007f9ff9c16a58
0x0000700000db04f0:   0000700000db0528 000000010f8916a8
0x0000700000db0500:   0000700000db06d8 00000000000000be
0x0000700000db0510:   0000700000db0590 000000010988a833
0x0000700000db0520:   0000000000000000 0000700000db0560
0x0000700000db0530:   000000010f8916a8 00007f9ffb803800
0x0000700000db0540:   000000be000000bb 000000b2000000be
0x0000700000db0550:   000000b200db0000 000000010f8916a8
0x0000700000db0560:   00007f9ffb803800 000000010f8916a8
0x0000700000db0570:   0000700000db06d8 000000010f8916a8
0x0000700000db0580:   000000000000000d 0000000000000230
0x0000700000db0590:   0000700000db05c0 000000010988aa3b
0x0000700000db05a0:   0000700000db05c0 0000700000db06d8
0x0000700000db05b0:   0000700000db06d8 000000010f8916a8
0x0000700000db05c0:   0000700000db05e0 000000010988afd2
0x0000700000db05d0:   0000700000db06d8 00007f9ffb803800
0x0000700000db05e0:   0000700000db0670 000000010988b3eb
0x0000700000db05f0:   0000000109c20000 0000000000000000
0x0000700000db0600:   0000000109c2ec5a 0000000000000000
0x0000700000db0610:   0000000000000100 0000700000db0100
0x0000700000db0620:   0000000000000000 0000000109c1b982
0x0000700000db0630:   0000700000db0600 0000000000000000
0x0000700000db0640:   000000010f8916a8 00007f9ffb803800
0x0000700000db0650:   000000010f8916a8 0000700000db06d8
0x0000700000db0660:   00007f9ffb803800 00007f9ff9d0eed0
0x0000700000db0670:   0000700000db06c0 0000000109a85331
0x0000700000db0680:   00007f9ff9f04460 00007f9ff9c16780
0x0000700000db0690:   00007f9ff9c16790 00007f9ff9c16b68
0x0000700000db06a0:   00000000000003d8 00000000000000c4 

Instructions: (pc=0x00000001097e2698)
0x00000001097e2678:   63 ce 48 c1 e1 05 ba ff ff 00 00 48 23 54 08 10
0x00000001097e2688:   8b 44 d7 50 c1 e8 10 5d c3 48 63 ce 48 c1 e1 05
0x00000001097e2698:   48 8b 4c 08 10 0f b7 f1 48 63 c6 8b 44 c7 50 eb
0x00000001097e26a8:   e3 90 55 48 89 e5 53 48 83 ec 08 48 89 fb 48 89 

Register to memory mapping:

RAX=0x000000010f891858 is pointing into metadata
RBX=0x00000000000000bb is an unknown value
RCX=0x00000000001c7fe0 is an unknown value
RDX=0x0000000000000000 is an unknown value
RSP=0x0000700000db04b0 is an unknown value
RBP=0x0000700000db04b0 is an unknown value
RSI=0x000000000000e3ff is an unknown value
RDI=0x000000010f891098 is pointing into metadata
R8 =0x00000000000000bb is an unknown value
R9 =0x000000002a000000 is an unknown value
R10=0x0000000000000041 is an unknown value
R11=0xffffffffff3e6be8 is an unknown value
R12=0x0000700000db06d8 is an unknown value
R13=0x000000010f891098 is pointing into metadata
R14=0x0000000000000001 is an unknown value
R15=0x0000000000000001 is an unknown value


Stack: [0x0000700000cb1000,0x0000700000db1000],  sp=0x0000700000db04b0,  free space=1021k
Native frames: (J=compiled Java code, j=interpreted, Vv=VM code, C=native code)
V  [libjvm.dylib+0x1e2698]  ConstantPool::impl_name_and_type_ref_index_at(int, bool)+0x4c
V  [libjvm.dylib+0x288d7e]  GenerateOopMap::do_field(int, int, int, int)+0x36
V  [libjvm.dylib+0x28a833]  GenerateOopMap::interp_bb(BasicBlock*)+0x14b
V  [libjvm.dylib+0x28aa3b]  GenerateOopMap::interp_all()+0x31
V  [libjvm.dylib+0x28afd2]  GenerateOopMap::do_interpretation()+0x44
V  [libjvm.dylib+0x28b3eb]  GenerateOopMap::compute_map(Thread*)+0x1fb
V  [libjvm.dylib+0x485331]  OopMapForCacheEntry::compute_map(Thread*)+0x8f
V  [libjvm.dylib+0x48553a]  OopMapCacheEntry::fill(methodHandle, int)+0x19e
V  [libjvm.dylib+0x48571b]  OopMapCache::compute_one_oop_map(methodHandle, int, InterpreterOopMap*)+0x16b
V  [libjvm.dylib+0x4859d2]  OopMapCache::lookup(methodHandle, int, InterpreterOopMap*) const+0x25c
V  [libjvm.dylib+0x2c2b04]  InstanceKlass::mask_for(methodHandle, int, InterpreterOopMap*)+0xd2
V  [libjvm.dylib+0x45306d]  Method::mask_for(int, InterpreterOopMap*)+0xb3
V  [libjvm.dylib+0x39afbf]  VM_GetOrSetLocal::doit()+0x47
V  [libjvm.dylib+0x5bd499]  VM_Operation::evaluate()+0x4f
V  [libjvm.dylib+0x5bba31]  VMThread::evaluate_operation(VM_Operation*)+0xdf
V  [libjvm.dylib+0x5bbe7e]  VMThread::loop()+0x328
V  [libjvm.dylib+0x5bb79d]  VMThread::run()+0x79
V  [libjvm.dylib+0x48e342]  java_start(Thread*)+0xf6
C  [libsystem_pthread.dylib+0x36c1]  _pthread_body+0x154
C  [libsystem_pthread.dylib+0x356d]  _pthread_body+0x0
C  [libsystem_pthread.dylib+0x2c5d]  thread_start+0xd

VM_Operation (0x00007000011bc938): GetOrSetLocal, mode: safepoint, requested by thread 0x00007f9ffa013000


---------------  P R O C E S S  ---------------

Java Threads: ( => current thread )
  0x00007f9ffb81e000 JavaThread "Service Thread" daemon [_thread_blocked, id=19971, stack(0x00007000016cf000,0x00007000017cf000)]
  0x00007f9ffa819000 JavaThread "C1 CompilerThread2" daemon [_thread_blocked, id=19459, stack(0x00007000015cc000,0x00007000016cc000)]
  0x00007f9ffb063800 JavaThread "C2 CompilerThread1" daemon [_thread_blocked, id=18947, stack(0x00007000014c9000,0x00007000015c9000)]
  0x00007f9ffb807000 JavaThread "C2 CompilerThread0" daemon [_thread_blocked, id=18435, stack(0x00007000013c6000,0x00007000014c6000)]
  0x00007f9ffb814000 JavaThread "JDWP Command Reader" daemon [_thread_in_native, id=17923, stack(0x00007000012c3000,0x00007000013c3000)]
  0x00007f9ffa014000 JavaThread "JDWP Event Helper Thread" daemon [_thread_blocked, id=17411, stack(0x00007000011c0000,0x00007000012c0000)]
  0x00007f9ffa013000 JavaThread "JDWP Transport Listener: dt_socket" daemon [_thread_blocked, id=16903, stack(0x00007000010bd000,0x00007000011bd000)]
  0x00007f9ffb806000 JavaThread "Signal Dispatcher" daemon [_thread_blocked, id=16395, stack(0x0000700000fba000,0x00007000010ba000)]
  0x00007f9ffb804000 JavaThread "Finalizer" daemon [_thread_blocked, id=13059, stack(0x0000700000eb7000,0x0000700000fb7000)]
  0x00007f9ffa03d800 JavaThread "Reference Handler" daemon [_thread_blocked, id=12547, stack(0x0000700000db4000,0x0000700000eb4000)]
  0x00007f9ffb004000 JavaThread "main" [_thread_blocked, id=6915, stack(0x00007000007a2000,0x00007000008a2000)]

Other Threads:
=>0x00007f9ffb803800 VMThread [stack: 0x0000700000cb1000,0x0000700000db1000] [id=12035]
  0x00007f9ffa015800 WatcherThread [stack: 0x00007000017d2000,0x00007000018d2000] [id=20483]

VM state:at safepoint (normal execution)

VM Mutex/Monitor currently owned by a thread:  ([mutex/lock_event])
[0x00007f9ff9e02e50] Threads_lock - owner thread: 0x00007f9ffb803800

Heap:
 PSYoungGen      total 38400K, used 2662K [0x0000000795580000, 0x0000000798000000, 0x00000007c0000000)
  eden space 33280K, 8% used [0x0000000795580000,0x0000000795819bd0,0x0000000797600000)
  from space 5120K, 0% used [0x0000000797b00000,0x0000000797b00000,0x0000000798000000)
  to   space 5120K, 0% used [0x0000000797600000,0x0000000797600000,0x0000000797b00000)
 ParOldGen       total 87552K, used 0K [0x0000000740000000, 0x0000000745580000, 0x0000000795580000)
  object space 87552K, 0% used [0x0000000740000000,0x0000000740000000,0x0000000745580000)
 Metaspace       used 3604K, capacity 4676K, committed 4864K, reserved 1056768K
  class space    used 402K, capacity 428K, committed 512K, reserved 1048576K

Card table byte_map: [0x000000010a9bd000,0x000000010adbe000] byte_map_base: 0x0000000106fbd000

Marking Bits: (ParMarkBitMap*) 0x0000000109ef9cd0
 Begin Bits: [0x000000010b069000, 0x000000010d069000)
 End Bits:   [0x000000010d069000, 0x000000010f069000)

Polling page: 0x0000000108da6000

CodeCache: size=245760Kb used=1211Kb max_used=1211Kb free=244549Kb
 bounds [0x00000001166fe000, 0x000000011696e000, 0x00000001256fe000]
 total_blobs=321 nmethods=87 adapters=156
 compilation: enabled

Compilation events (10 events):
Event: 0.556 Thread 0x00007f9ffa819000   82       3       java.util.regex.Pattern::next (33 bytes)
Event: 0.556 Thread 0x00007f9ffa819000 nmethod 82 0x000000011682bf90 code [0x000000011682c120, 0x000000011682c3e8]
Event: 0.556 Thread 0x00007f9ffa819000   85       3       java.lang.Math::max (11 bytes)
Event: 0.556 Thread 0x00007f9ffa819000 nmethod 85 0x000000011682c510 code [0x000000011682c680, 0x000000011682c810]
Event: 0.556 Thread 0x00007f9ffa819000   84       1       java.util.regex.Pattern::flags (5 bytes)
Event: 0.556 Thread 0x00007f9ffa819000 nmethod 84 0x000000011682c890 code [0x000000011682c9e0, 0x000000011682caf0]
Event: 2.658 Thread 0x00007f9ffa819000   86       1       java.nio.Buffer::position (5 bytes)
Event: 2.658 Thread 0x00007f9ffa819000 nmethod 86 0x000000011682cb50 code [0x000000011682cca0, 0x000000011682cdb0]
Event: 7.227 Thread 0x00007f9ffa819000   87       1       java.nio.Buffer::limit (5 bytes)
Event: 7.227 Thread 0x00007f9ffa819000 nmethod 87 0x000000011682ce10 code [0x000000011682cf60, 0x000000011682d070]

GC Heap History (0 events):
No events

Deoptimization events (0 events):
No events

Classes redefined (3 events):
Event: 118.918 Thread 0x00007f9ffb803800 redefined class name=Main, count=1
Event: 407.483 Thread 0x00007f9ffb803800 redefined class name=Main, count=2
Event: 604.913 Thread 0x00007f9ffb803800 redefined class name=Main, count=3

Internal exceptions (6 events):
Event: 0.051 Thread 0x00007f9ffb004000 Exception <a 'java/lang/NoSuchMethodError': Method sun.misc.Unsafe.defineClass(Ljava/lang/String;[BII)Ljava/lang/Class; name or signature does not match> (0x0000000795587cb0) thrown at [/Users/java_re/workspace/8-2-build-macosx-x86_64/jdk8u181/11358/hotsp
Event: 0.051 Thread 0x00007f9ffb004000 Exception <a 'java/lang/NoSuchMethodError': Method sun.misc.Unsafe.prefetchRead(Ljava/lang/Object;J)V name or signature does not match> (0x0000000795587f98) thrown at [/Users/java_re/workspace/8-2-build-macosx-x86_64/jdk8u181/11358/hotspot/src/share/vm/pr
Event: 0.491 Thread 0x00007f9ffb004000 Exception <a 'java/security/PrivilegedActionException'> (0x000000079579ea88) thrown at [/Users/java_re/workspace/8-2-build-macosx-x86_64/jdk8u181/11358/hotspot/src/share/vm/prims/jvm.cpp, line 1435]
Event: 0.491 Thread 0x00007f9ffb004000 Exception <a 'java/security/PrivilegedActionException'> (0x000000079579ee80) thrown at [/Users/java_re/workspace/8-2-build-macosx-x86_64/jdk8u181/11358/hotspot/src/share/vm/prims/jvm.cpp, line 1435]
Event: 0.492 Thread 0x00007f9ffb004000 Exception <a 'java/security/PrivilegedActionException'> (0x00000007957a2398) thrown at [/Users/java_re/workspace/8-2-build-macosx-x86_64/jdk8u181/11358/hotspot/src/share/vm/prims/jvm.cpp, line 1435]
Event: 0.492 Thread 0x00007f9ffb004000 Exception <a 'java/security/PrivilegedActionException'> (0x00000007957a2790) thrown at [/Users/java_re/workspace/8-2-build-macosx-x86_64/jdk8u181/11358/hotspot/src/share/vm/prims/jvm.cpp, line 1435]

Events (10 events):
Event: 407.663 Executing VM operation: GetOrSetLocal done
Event: 407.663 Executing VM operation: GetOrSetLocal
Event: 407.663 Executing VM operation: GetOrSetLocal done
Event: 604.910 Executing VM operation: ChangeBreakpoints
Event: 604.910 Executing VM operation: ChangeBreakpoints done
Event: 604.913 Executing VM operation: RedefineClasses
Event: 604.913 Executing VM operation: RedefineClasses done
Event: 605.077 Executing VM operation: ChangeBreakpoints
Event: 605.077 Executing VM operation: ChangeBreakpoints done
Event: 605.214 Executing VM operation: GetOrSetLocal


Dynamic libraries:
0x00007fff27872000 	/System/Library/Frameworks/Cocoa.framework/Versions/A/Cocoa
0x00007fff33bcd000 	/System/Library/Frameworks/Security.framework/Versions/A/Security
0x00007fff26513000 	/System/Library/Frameworks/ApplicationServices.framework/Versions/A/ApplicationServices
0x00007fff4f457000 	/usr/lib/libz.1.dylib
0x00007fff4d472000 	/usr/lib/libSystem.B.dylib
0x00007fff4ea6a000 	/usr/lib/libobjc.A.dylib
0x00007fff28006000 	/System/Library/Frameworks/CoreFoundation.framework/Versions/A/CoreFoundation
0x00007fff2a11a000 	/System/Library/Frameworks/Foundation.framework/Versions/C/Foundation
0x00007fff25666000 	/System/Library/Frameworks/AppKit.framework/Versions/C/AppKit
0x00007fff27be8000 	/System/Library/Frameworks/CoreData.framework/Versions/A/CoreData
0x00007fff46f11000 	/System/Library/PrivateFrameworks/RemoteViewServices.framework/Versions/A/RemoteViewServices
0x00007fff4b529000 	/System/Library/PrivateFrameworks/UIFoundation.framework/Versions/A/UIFoundation
0x00007fff3c070000 	/System/Library/PrivateFrameworks/DFRFoundation.framework/Versions/A/DFRFoundation
0x00007fff2c555000 	/System/Library/Frameworks/Metal.framework/Versions/A/Metal
0x00007fff3c212000 	/System/Library/PrivateFrameworks/DesktopServicesPriv.framework/Versions/A/DesktopServicesPriv
0x00007fff4e06d000 	/usr/lib/libenergytrace.dylib
0x00007fff49661000 	/System/Library/PrivateFrameworks/SkyLight.framework/Versions/A/SkyLight
0x00007fff284a7000 	/System/Library/Frameworks/CoreGraphics.framework/Versions/A/CoreGraphics
0x00007fff4d46d000 	/usr/lib/libScreenReader.dylib
0x00007fff2462e000 	/System/Library/Frameworks/Accelerate.framework/Versions/A/Accelerate
0x00007fff2a88e000 	/System/Library/Frameworks/IOSurface.framework/Versions/A/IOSurface
0x00007fff26a5d000 	/System/Library/Frameworks/AudioToolbox.framework/Versions/A/AudioToolbox
0x00007fff26ce7000 	/System/Library/Frameworks/AudioUnit.framework/Versions/A/AudioUnit
0x00007fff3c10d000 	/System/Library/PrivateFrameworks/DataDetectorsCore.framework/Versions/A/DataDetectorsCore
0x00007fff2737b000 	/System/Library/Frameworks/Carbon.framework/Versions/A/Frameworks/HIToolbox.framework/Versions/A/HIToolbox
0x00007fff4e1c7000 	/usr/lib/libicucore.A.dylib
0x00007fff33155000 	/System/Library/Frameworks/QuartzCore.framework/Versions/A/QuartzCore
0x00007fff27760000 	/System/Library/Frameworks/Carbon.framework/Versions/A/Frameworks/SpeechRecognition.framework/Versions/A/SpeechRecognition
0x00007fff4d5ce000 	/usr/lib/libauto.dylib
0x00007fff4f346000 	/usr/lib/libxml2.2.dylib
0x00007fff3bcfc000 	/System/Library/PrivateFrameworks/CoreUI.framework/Versions/A/CoreUI
0x00007fff27ac4000 	/System/Library/Frameworks/CoreAudio.framework/Versions/A/CoreAudio
0x00007fff29f54000 	/System/Library/Frameworks/DiskArbitration.framework/Versions/A/DiskArbitration
0x00007fff4e43b000 	/usr/lib/liblangid.dylib
0x00007fff43495000 	/System/Library/PrivateFrameworks/MultitouchSupport.framework/Versions/A/MultitouchSupport
0x00007fff2a7f1000 	/System/Library/Frameworks/IOKit.framework/Versions/A/IOKit
0x00007fff4d109000 	/usr/lib/libDiagnosticMessagesClient.dylib
0x00007fff29147000 	/System/Library/Frameworks/CoreServices.framework/Versions/A/CoreServices
0x00007fff44f1f000 	/System/Library/PrivateFrameworks/PerformanceAnalysis.framework/Versions/A/PerformanceAnalysis
0x00007fff322f3000 	/System/Library/Frameworks/OpenGL.framework/Versions/A/OpenGL
0x00007fff27880000 	/System/Library/Frameworks/ColorSync.framework/Versions/A/ColorSync
0x00007fff28ab5000 	/System/Library/Frameworks/CoreImage.framework/Versions/A/CoreImage
0x00007fff29ac6000 	/System/Library/Frameworks/CoreText.framework/Versions/A/CoreText
0x00007fff2a8e9000 	/System/Library/Frameworks/ImageIO.framework/Versions/A/ImageIO
0x00007fff385ce000 	/System/Library/PrivateFrameworks/Backup.framework/Versions/A/Backup
0x00007fff4d51e000 	/usr/lib/libarchive.2.dylib
0x00007fff26ffd000 	/System/Library/Frameworks/CFNetwork.framework/Versions/A/CFNetwork
0x00007fff34348000 	/System/Library/Frameworks/SystemConfiguration.framework/Versions/A/SystemConfiguration
0x00007fff4d032000 	/usr/lib/libCRFSuite.dylib
0x00007fff4d6a3000 	/usr/lib/libc++.1.dylib
0x00007fff4d6fa000 	/usr/lib/libc++abi.dylib
0x00007fff4f506000 	/usr/lib/system/libcache.dylib
0x00007fff4f50b000 	/usr/lib/system/libcommonCrypto.dylib
0x00007fff4f516000 	/usr/lib/system/libcompiler_rt.dylib
0x00007fff4f51e000 	/usr/lib/system/libcopyfile.dylib
0x00007fff4f527000 	/usr/lib/system/libcorecrypto.dylib
0x00007fff4f632000 	/usr/lib/system/libdispatch.dylib
0x00007fff4f66c000 	/usr/lib/system/libdyld.dylib
0x00007fff4f68a000 	/usr/lib/system/libkeymgr.dylib
0x00007fff4f698000 	/usr/lib/system/liblaunch.dylib
0x00007fff4f699000 	/usr/lib/system/libmacho.dylib
0x00007fff4f69e000 	/usr/lib/system/libquarantine.dylib
0x00007fff4f6a1000 	/usr/lib/system/libremovefile.dylib
0x00007fff4f6a3000 	/usr/lib/system/libsystem_asl.dylib
0x00007fff4f6bb000 	/usr/lib/system/libsystem_blocks.dylib
0x00007fff4f6bc000 	/usr/lib/system/libsystem_c.dylib
0x00007fff4f746000 	/usr/lib/system/libsystem_configuration.dylib
0x00007fff4f74a000 	/usr/lib/system/libsystem_coreservices.dylib
0x00007fff4f74e000 	/usr/lib/system/libsystem_darwin.dylib
0x00007fff4f750000 	/usr/lib/system/libsystem_dnssd.dylib
0x00007fff4f757000 	/usr/lib/system/libsystem_info.dylib
0x00007fff4f7c7000 	/usr/lib/system/libsystem_m.dylib
0x00007fff4f813000 	/usr/lib/system/libsystem_malloc.dylib
0x00007fff4f833000 	/usr/lib/system/libsystem_network.dylib
0x00007fff4f8d7000 	/usr/lib/system/libsystem_networkextension.dylib
0x00007fff4f8e2000 	/usr/lib/system/libsystem_notify.dylib
0x00007fff4f900000 	/usr/lib/system/libsystem_sandbox.dylib
0x00007fff4f904000 	/usr/lib/system/libsystem_secinit.dylib
0x00007fff4f7a1000 	/usr/lib/system/libsystem_kernel.dylib
0x00007fff4f8ec000 	/usr/lib/system/libsystem_platform.dylib
0x00007fff4f8f4000 	/usr/lib/system/libsystem_pthread.dylib
0x00007fff4f906000 	/usr/lib/system/libsystem_symptoms.dylib
0x00007fff4f90e000 	/usr/lib/system/libsystem_trace.dylib
0x00007fff4f923000 	/usr/lib/system/libunwind.dylib
0x00007fff4f929000 	/usr/lib/system/libxpc.dylib
0x00007fff4cf60000 	/usr/lib/closure/libclosured.dylib
0x00007fff4d684000 	/usr/lib/libbsm.0.dylib
0x00007fff4f68b000 	/usr/lib/system/libkxld.dylib
0x00007fff4d343000 	/usr/lib/libOpenScriptingUtil.dylib
0x00007fff4d9ef000 	/usr/lib/libcoretls.dylib
0x00007fff4da08000 	/usr/lib/libcoretls_cfhelpers.dylib
0x00007fff4ee6b000 	/usr/lib/libpam.2.dylib
0x00007fff4ef92000 	/usr/lib/libsqlite3.dylib
0x00007fff4f335000 	/usr/lib/libxar.1.dylib
0x00007fff4d695000 	/usr/lib/libbz2.1.0.dylib
0x00007fff4e43d000 	/usr/lib/liblzma.5.dylib
0x00007fff4e91e000 	/usr/lib/libnetwork.dylib
0x00007fff4d507000 	/usr/lib/libapple_nghttp2.dylib
0x00007fff4ee72000 	/usr/lib/libpcap.A.dylib
0x00007fff4d5cf000 	/usr/lib/libboringssl.dylib
0x00007fff4f2f7000 	/usr/lib/libusrtcp.dylib
0x00007fff4d506000 	/usr/lib/libapple_crypto.dylib
0x00007fff294ca000 	/System/Library/Frameworks/CoreServices.framework/Versions/A/Frameworks/FSEvents.framework/Versions/A/FSEvents
0x00007fff291bd000 	/System/Library/Frameworks/CoreServices.framework/Versions/A/Frameworks/CarbonCore.framework/Versions/A/CarbonCore
0x00007fff2968b000 	/System/Library/Frameworks/CoreServices.framework/Versions/A/Frameworks/Metadata.framework/Versions/A/Metadata
0x00007fff2973b000 	/System/Library/Frameworks/CoreServices.framework/Versions/A/Frameworks/OSServices.framework/Versions/A/OSServices
0x00007fff29799000 	/System/Library/Frameworks/CoreServices.framework/Versions/A/Frameworks/SearchKit.framework/Versions/A/SearchKit
0x00007fff29148000 	/System/Library/Frameworks/CoreServices.framework/Versions/A/Frameworks/AE.framework/Versions/A/AE
0x00007fff294d3000 	/System/Library/Frameworks/CoreServices.framework/Versions/A/Frameworks/LaunchServices.framework/Versions/A/LaunchServices
0x00007fff29495000 	/System/Library/Frameworks/CoreServices.framework/Versions/A/Frameworks/DictionaryServices.framework/Versions/A/DictionaryServices
0x00007fff29808000 	/System/Library/Frameworks/CoreServices.framework/Versions/A/Frameworks/SharedFileList.framework/Versions/A/SharedFileList
0x00007fff2d712000 	/System/Library/Frameworks/NetFS.framework/Versions/A/NetFS
0x00007fff43721000 	/System/Library/PrivateFrameworks/NetAuth.framework/Versions/A/NetAuth
0x00007fff4cdfa000 	/System/Library/PrivateFrameworks/login.framework/Versions/A/Frameworks/loginsupport.framework/Versions/A/loginsupport
0x00007fff4b1af000 	/System/Library/PrivateFrameworks/TCC.framework/Versions/A/TCC
0x00007fff4e51e000 	/usr/lib/libmecabra.dylib
0x00007fff26514000 	/System/Library/Frameworks/ApplicationServices.framework/Versions/A/Frameworks/ATS.framework/Versions/A/ATS
0x00007fff268c2000 	/System/Library/Frameworks/ApplicationServices.framework/Versions/A/Frameworks/ColorSyncLegacy.framework/Versions/A/ColorSyncLegacy
0x00007fff26966000 	/System/Library/Frameworks/ApplicationServices.framework/Versions/A/Frameworks/HIServices.framework/Versions/A/HIServices
0x00007fff269b9000 	/System/Library/Frameworks/ApplicationServices.framework/Versions/A/Frameworks/LangAnalysis.framework/Versions/A/LangAnalysis
0x00007fff269c8000 	/System/Library/Frameworks/ApplicationServices.framework/Versions/A/Frameworks/PrintCore.framework/Versions/A/PrintCore
0x00007fff26a15000 	/System/Library/Frameworks/ApplicationServices.framework/Versions/A/Frameworks/QD.framework/Versions/A/QD
0x00007fff26a50000 	/System/Library/Frameworks/ApplicationServices.framework/Versions/A/Frameworks/SpeechSynthesis.framework/Versions/A/SpeechSynthesis
0x00007fff27f3a000 	/System/Library/Frameworks/CoreDisplay.framework/Versions/A/CoreDisplay
0x00007fff24646000 	/System/Library/Frameworks/Accelerate.framework/Versions/A/Frameworks/vImage.framework/Versions/A/vImage
0x00007fff2537c000 	/System/Library/Frameworks/Accelerate.framework/Versions/A/Frameworks/vecLib.framework/Versions/A/vecLib
0x00007fff2511e000 	/System/Library/Frameworks/Accelerate.framework/Versions/A/Frameworks/vecLib.framework/Versions/A/libvDSP.dylib
0x00007fff24ca0000 	/System/Library/Frameworks/Accelerate.framework/Versions/A/Frameworks/vecLib.framework/Versions/A/libBNNS.dylib
0x00007fff250a5000 	/System/Library/Frameworks/Accelerate.framework/Versions/A/Frameworks/vecLib.framework/Versions/A/libQuadrature.dylib
0x00007fff252cb000 	/System/Library/Frameworks/Accelerate.framework/Versions/A/Frameworks/vecLib.framework/Versions/A/libvMisc.dylib
0x00007fff24cce000 	/System/Library/Frameworks/Accelerate.framework/Versions/A/Frameworks/vecLib.framework/Versions/A/libLAPACK.dylib
0x00007fff24b45000 	/System/Library/Frameworks/Accelerate.framework/Versions/A/Frameworks/vecLib.framework/Versions/A/libBLAS.dylib
0x00007fff2508f000 	/System/Library/Frameworks/Accelerate.framework/Versions/A/Frameworks/vecLib.framework/Versions/A/libLinearAlgebra.dylib
0x00007fff250ab000 	/System/Library/Frameworks/Accelerate.framework/Versions/A/Frameworks/vecLib.framework/Versions/A/libSparse.dylib
0x00007fff2510a000 	/System/Library/Frameworks/Accelerate.framework/Versions/A/Frameworks/vecLib.framework/Versions/A/libSparseBLAS.dylib
0x00007fff41e62000 	/System/Library/PrivateFrameworks/IOAccelerator.framework/Versions/A/IOAccelerator
0x00007fff41e6d000 	/System/Library/PrivateFrameworks/IOPresentment.framework/Versions/A/IOPresentment
0x00007fff3c082000 	/System/Library/PrivateFrameworks/DSExternalDisplay.framework/Versions/A/DSExternalDisplay
0x00007fff31776000 	/System/Library/Frameworks/OpenGL.framework/Versions/A/Libraries/libCoreFSCache.dylib
0x00007fff29c15000 	/System/Library/Frameworks/CoreVideo.framework/Versions/A/CoreVideo
0x00007fff414c6000 	/System/Library/PrivateFrameworks/GraphVisualizer.framework/Versions/A/GraphVisualizer
0x00007fff2c707000 	/System/Library/Frameworks/MetalPerformanceShaders.framework/Versions/A/MetalPerformanceShaders
0x00007fff4d141000 	/usr/lib/libFosl_dynamic.dylib
0x00007fff3d098000 	/System/Library/PrivateFrameworks/FaceCore.framework/Versions/A/FaceCore
0x00007fff3057e000 	/System/Library/Frameworks/OpenCL.framework/Versions/A/OpenCL
0x00007fff4d731000 	/usr/lib/libcompression.dylib
0x00007fff26613000 	/System/Library/Frameworks/ApplicationServices.framework/Versions/A/Frameworks/ATS.framework/Versions/A/Resources/libFontParser.dylib
0x00007fff26736000 	/System/Library/Frameworks/ApplicationServices.framework/Versions/A/Frameworks/ATS.framework/Versions/A/Resources/libFontRegistry.dylib
0x00007fff2ab4a000 	/System/Library/Frameworks/ImageIO.framework/Versions/A/Resources/libJPEG.dylib
0x00007fff2ae73000 	/System/Library/Frameworks/ImageIO.framework/Versions/A/Resources/libTIFF.dylib
0x00007fff2ae49000 	/System/Library/Frameworks/ImageIO.framework/Versions/A/Resources/libPng.dylib
0x00007fff2aa5d000 	/System/Library/Frameworks/ImageIO.framework/Versions/A/Resources/libGIF.dylib
0x00007fff2aa62000 	/System/Library/Frameworks/ImageIO.framework/Versions/A/Resources/libJP2.dylib
0x00007fff2ae70000 	/System/Library/Frameworks/ImageIO.framework/Versions/A/Resources/libRadiance.dylib
0x00007fff37d5c000 	/System/Library/PrivateFrameworks/AppleJPEG.framework/Versions/A/AppleJPEG
0x00007fff43217000 	/System/Library/PrivateFrameworks/MetalTools.framework/Versions/A/MetalTools
0x00007fff2c5ef000 	/System/Library/Frameworks/MetalPerformanceShaders.framework/Frameworks/MPSCore.framework/Versions/A/MPSCore
0x00007fff2c605000 	/System/Library/Frameworks/MetalPerformanceShaders.framework/Frameworks/MPSImage.framework/Versions/A/MPSImage
0x00007fff2c670000 	/System/Library/Frameworks/MetalPerformanceShaders.framework/Frameworks/MPSMatrix.framework/Versions/A/MPSMatrix
0x00007fff2c690000 	/System/Library/Frameworks/MetalPerformanceShaders.framework/Frameworks/MPSNeuralNetwork.framework/Versions/A/MPSNeuralNetwork
0x00007fff3193d000 	/System/Library/Frameworks/OpenGL.framework/Versions/A/Libraries/libGLU.dylib
0x00007fff3177f000 	/System/Library/Frameworks/OpenGL.framework/Versions/A/Libraries/libGFXShared.dylib
0x00007fff31788000 	/System/Library/Frameworks/OpenGL.framework/Versions/A/Libraries/libGL.dylib
0x00007fff31794000 	/System/Library/Frameworks/OpenGL.framework/Versions/A/Libraries/libGLImage.dylib
0x00007fff31773000 	/System/Library/Frameworks/OpenGL.framework/Versions/A/Libraries/libCVMSPluginSupport.dylib
0x00007fff3177a000 	/System/Library/Frameworks/OpenGL.framework/Versions/A/Libraries/libCoreVMClient.dylib
0x00007fff4ded9000 	/usr/lib/libcups.2.dylib
0x00007fff2bbf7000 	/System/Library/Frameworks/Kerberos.framework/Versions/A/Kerberos
0x00007fff2a54d000 	/System/Library/Frameworks/GSS.framework/Versions/A/GSS
0x00007fff4ef26000 	/usr/lib/libresolv.9.dylib
0x00007fff4e0d5000 	/usr/lib/libiconv.2.dylib
0x00007fff4154d000 	/System/Library/PrivateFrameworks/Heimdal.framework/Versions/A/Heimdal
0x00007fff4e0a4000 	/usr/lib/libheimdal-asn1.dylib
0x00007fff305e9000 	/System/Library/Frameworks/OpenDirectory.framework/Versions/A/OpenDirectory
0x00007fff39fae000 	/System/Library/PrivateFrameworks/CommonAuth.framework/Versions/A/CommonAuth
0x00007fff305cc000 	/System/Library/Frameworks/OpenDirectory.framework/Versions/A/Frameworks/CFOpenDirectory.framework/Versions/A/CFOpenDirectory
0x00007fff33ee9000 	/System/Library/Frameworks/SecurityFoundation.framework/Versions/A/SecurityFoundation
0x00007fff36f7d000 	/System/Library/PrivateFrameworks/APFS.framework/Versions/A/APFS
0x00007fff4f331000 	/usr/lib/libutil.dylib
0x00007fff37ddf000 	/System/Library/PrivateFrameworks/AppleSauce.framework/Versions/A/AppleSauce
0x00007fff42635000 	/System/Library/PrivateFrameworks/LinguisticData.framework/Versions/A/LinguisticData
0x00007fff4e457000 	/usr/lib/libmarisa.dylib
0x00007fff425ef000 	/System/Library/PrivateFrameworks/Lexicon.framework/Versions/A/Lexicon
0x00007fff4d06c000 	/usr/lib/libChineseTokenizer.dylib
0x00007fff4d720000 	/usr/lib/libcmph.dylib
0x00007fff424f9000 	/System/Library/PrivateFrameworks/LanguageModeling.framework/Versions/A/LanguageModeling
0x00007fff3a9bd000 	/System/Library/PrivateFrameworks/CoreEmoji.framework/Versions/A/CoreEmoji
0x00007fff33fa1000 	/System/Library/Frameworks/ServiceManagement.framework/Versions/A/ServiceManagement
0x00007fff385c6000 	/System/Library/PrivateFrameworks/BackgroundTaskManagement.framework/Versions/A/BackgroundTaskManagement
0x00007fff4f42e000 	/usr/lib/libxslt.1.dylib
0x00007fff2768a000 	/System/Library/Frameworks/Carbon.framework/Versions/A/Frameworks/Ink.framework/Versions/A/Ink
0x00007fff4b3bd000 	/System/Library/PrivateFrameworks/TextureIO.framework/Versions/A/TextureIO
0x00007fff4d549000 	/usr/lib/libate.dylib
0x00007fff3bfe4000 	/System/Library/PrivateFrameworks/CrashReporterSupport.framework/Versions/A/CrashReporterSupport
0x00007fff48839000 	/System/Library/PrivateFrameworks/Sharing.framework/Versions/A/Sharing
0x00007fff42242000 	/System/Library/PrivateFrameworks/IconServices.framework/Versions/A/IconServices
0x00007fff46d22000 	/System/Library/PrivateFrameworks/ProtocolBuffer.framework/Versions/A/ProtocolBuffer
0x00007fff37be9000 	/System/Library/PrivateFrameworks/Apple80211.framework/Versions/A/Apple80211
0x00007fff29c50000 	/System/Library/Frameworks/CoreWLAN.framework/Versions/A/CoreWLAN
0x00007fff3be31000 	/System/Library/PrivateFrameworks/CoreUtils.framework/Versions/A/CoreUtils
0x00007fff2a68e000 	/System/Library/Frameworks/IOBluetooth.framework/Versions/A/IOBluetooth
0x00007fff3bf7f000 	/System/Library/PrivateFrameworks/CoreWiFi.framework/Versions/A/CoreWiFi
0x00007fff27bbe000 	/System/Library/Frameworks/CoreBluetooth.framework/Versions/A/CoreBluetooth
0x00007fff48967000 	/System/Library/PrivateFrameworks/SignpostNotification.framework/Versions/A/SignpostNotification
0x00007fff3c1d1000 	/System/Library/PrivateFrameworks/DebugSymbols.framework/Versions/A/DebugSymbols
0x00007fff3bbe8000 	/System/Library/PrivateFrameworks/CoreSymbolication.framework/Versions/A/CoreSymbolication
0x00007fff4ac40000 	/System/Library/PrivateFrameworks/Symbolication.framework/Versions/A/Symbolication
0x00007fff37c13000 	/System/Library/PrivateFrameworks/AppleFSCompression.framework/Versions/A/AppleFSCompression
0x00007fff4a0a6000 	/System/Library/PrivateFrameworks/SpeechRecognitionCore.framework/Versions/A/SpeechRecognitionCore
0x00007fff20a75000 	/System/Library/CoreServices/Encodings/libSimplifiedChineseConverter.dylib
0x0000000109600000 	/Library/Java/JavaVirtualMachines/jdk1.8.0_181.jdk/Contents/Home/jre/lib/server/libjvm.dylib
0x00007fff4f229000 	/usr/lib/libstdc++.6.0.9.dylib
0x0000000108d62000 	/Library/Java/JavaVirtualMachines/jdk1.8.0_181.jdk/Contents/Home/jre/lib/libverify.dylib
0x0000000108d70000 	/Library/Java/JavaVirtualMachines/jdk1.8.0_181.jdk/Contents/Home/jre/lib/libjava.dylib
0x0000000108da7000 	/Library/Java/JavaVirtualMachines/jdk1.8.0_181.jdk/Contents/Home/jre/lib/libjdwp.dylib
0x0000000108df2000 	/Library/Java/JavaVirtualMachines/jdk1.8.0_181.jdk/Contents/Home/jre/lib/libnpt.dylib
0x000000010a5f4000 	/Library/Java/JavaVirtualMachines/jdk1.8.0_181.jdk/Contents/Home/jre/lib/libzip.dylib
0x0000000112928000 	/Library/Java/JavaVirtualMachines/jdk1.8.0_181.jdk/Contents/Home/jre/lib/libdt_socket.dylib

VM Arguments:
jvm_args: -agentlib:jdwp=transport=dt_socket,address=127.0.0.1:63073,suspend=y,server=n -Dfile.encoding=UTF-8 
java_command: Main
java_class_path (initial): /Library/Java/JavaVirtualMachines/jdk1.8.0_181.jdk/Contents/Home/jre/lib/charsets.jar:/Library/Java/JavaVirtualMachines/jdk1.8.0_181.jdk/Contents/Home/jre/lib/deploy.jar:/Library/Java/JavaVirtualMachines/jdk1.8.0_181.jdk/Contents/Home/jre/lib/ext/cldrdata.jar:/Library/Java/JavaVirtualMachines/jdk1.8.0_181.jdk/Contents/Home/jre/lib/ext/dnsns.jar:/Library/Java/JavaVirtualMachines/jdk1.8.0_181.jdk/Contents/Home/jre/lib/ext/jaccess.jar:/Library/Java/JavaVirtualMachines/jdk1.8.0_181.jdk/Contents/Home/jre/lib/ext/jfxrt.jar:/Library/Java/JavaVirtualMachines/jdk1.8.0_181.jdk/Contents/Home/jre/lib/ext/localedata.jar:/Library/Java/JavaVirtualMachines/jdk1.8.0_181.jdk/Contents/Home/jre/lib/ext/nashorn.jar:/Library/Java/JavaVirtualMachines/jdk1.8.0_181.jdk/Contents/Home/jre/lib/ext/sunec.jar:/Library/Java/JavaVirtualMachines/jdk1.8.0_181.jdk/Contents/Home/jre/lib/ext/sunjce_provider.jar:/Library/Java/JavaVirtualMachines/jdk1.8.0_181.jdk/Contents/Home/jre/lib/ext/sunpkcs11.jar:/Library/Java/JavaVirtualMachines/jdk1.8.0_181.jdk/Contents/Home/jre/lib/ext/zipfs.jar:/Library/Java/JavaVirtualMachines/jdk1.8.0_181.jdk/Contents/Home/jre/lib/javaws.jar:/Library/Java/JavaVirtualMachines/jdk1.8.0_181.jdk/Contents/Home/jre/lib/jce.jar:/Library/Java/JavaVirtualMachines/jdk1.8.0_181.jdk/Contents/Home/jre/lib/jfr.jar:/Library/Java/JavaVirtualMachines/jdk1.8.0_181.jdk/Contents/Home/jre/lib/jfxswt.jar:/Library/Java/JavaVirtualMachines/jdk1.8.0_181.jdk/Contents/Home/jre/lib/jsse.jar:/Library/Java/JavaVirtualMachines/jdk1.8.0_181.jdk/Contents/Home/jre/lib/management-agent.jar:/Library/Java/JavaVirtualMachines/jdk1.8.0_181.jdk/Contents/Home/jre/lib/plugin.jar:/Library/Java/JavaVirtualMachines/jdk1.8.0_181.jdk/Contents/Home/jre/lib/resources.jar:/Library/Java/JavaVirtualMachines/jdk1.8.0_181.jdk/Contents/Home/jre/lib/rt.jar:/Library/Java/JavaVirtualMachines/jdk1.8.0_181.jdk/Contents/Home/lib/ant-javafx.jar:/Library/Java/JavaVirtualMachines/jdk1.8.0_181.jdk/Contents/Home
Launcher Type: SUN_STANDARD

Environment Variables:
JAVA_HOME=/Library/Java/JavaVirtualMachines/jdk1.8.0_181.jdk/Contents/Home
PATH=/Library/Frameworks/Python.framework/Versions/3.6/bin:./usr/local/bin:/usr/bin:/bin:/usr/sbin:/sbin:/Library/Java/JavaVirtualMachines/jdk1.8.0_181.jdk/Contents/Home/bin:/usr/local/mysql/bin:/Users/sunda/Documents/apache-maven-3.5.4/bin:/usr/local//bin
SHELL=/bin/bash

Signal Handlers:
SIGSEGV: [libjvm.dylib+0x5b6029], sa_mask[0]=11111111011111110111111111111111, sa_flags=SA_ONSTACK|SA_RESTART|SA_SIGINFO
SIGBUS: [libjvm.dylib+0x5b6029], sa_mask[0]=11111111011111110111111111111111, sa_flags=SA_RESTART|SA_SIGINFO
SIGFPE: [libjvm.dylib+0x48b934], sa_mask[0]=11111111011111110111111111111111, sa_flags=SA_RESTART|SA_SIGINFO
SIGPIPE: [libjvm.dylib+0x48b934], sa_mask[0]=11111111011111110111111111111111, sa_flags=SA_RESTART|SA_SIGINFO
SIGXFSZ: [libjvm.dylib+0x48b934], sa_mask[0]=11111111011111110111111111111111, sa_flags=SA_RESTART|SA_SIGINFO
SIGILL: [libjvm.dylib+0x48b934], sa_mask[0]=11111111011111110111111111111111, sa_flags=SA_RESTART|SA_SIGINFO
SIGUSR1: SIG_DFL, sa_mask[0]=00000000000000000000000000000000, sa_flags=none
SIGUSR2: [libjvm.dylib+0x48b452], sa_mask[0]=00100000000000000000000000000000, sa_flags=SA_RESTART|SA_SIGINFO
SIGHUP: [libjvm.dylib+0x489a1d], sa_mask[0]=11111111011111110111111111111111, sa_flags=SA_RESTART|SA_SIGINFO
SIGINT: [libjvm.dylib+0x489a1d], sa_mask[0]=11111111011111110111111111111111, sa_flags=SA_RESTART|SA_SIGINFO
SIGTERM: [libjvm.dylib+0x489a1d], sa_mask[0]=11111111011111110111111111111111, sa_flags=SA_RESTART|SA_SIGINFO
SIGQUIT: [libjvm.dylib+0x489a1d], sa_mask[0]=11111111011111110111111111111111, sa_flags=SA_RESTART|SA_SIGINFO


---------------  S Y S T E M  ---------------

OS:Bsduname:Darwin 17.2.0 Darwin Kernel Version 17.2.0: Fri Sep 29 18:27:05 PDT 2017; root:xnu-4570.20.62~3/RELEASE_X86_64 x86_64
rlimit: STACK 8192k, CORE 0k, NPROC 709, NOFILE 10240, AS infinity
load average:7.53 5.82 5.23

CPU:total 4 (initial active 4) (2 cores per cpu, 2 threads per core) family 6 model 61 stepping 4, cmov, cx8, fxsr, mmx, sse, sse2, sse3, ssse3, sse4.1, sse4.2, popcnt, avx, avx2, aes, clmul, erms, 3dnowpref, lzcnt, ht, tsc, tscinvbit, bmi1, bmi2, adx

Memory: 4k page, physical 8388608k(1266544k free)

/proc/meminfo:


vm_info: Java HotSpot(TM) 64-Bit Server VM (25.181-b13) for bsd-amd64 JRE (1.8.0_181-b13), built on Jul  7 2018 01:02:31 by "java_re" with gcc 4.2.1 (Based on Apple Inc. build 5658) (LLVM build 2336.11.00)

time: Sat Mar 30 11:07:59 2019
elapsed time: 605 seconds (0d 0h 10m 5s)

